{"D:\\Fullstack Development\\JavaScript\\Modularisasi\\stats.js": {"path":"D:\\Fullstack Development\\JavaScript\\Modularisasi\\stats.js","statementMap":{"0":{"start":{"line":7,"column":4},"end":{"line":7,"column":43}},"1":{"start":{"line":7,"column":33},"end":{"line":7,"column":38}},"2":{"start":{"line":16,"column":4},"end":{"line":18,"column":5}},"3":{"start":{"line":17,"column":8},"end":{"line":17,"column":19}},"4":{"start":{"line":19,"column":4},"end":{"line":19,"column":35}},"5":{"start":{"line":28,"column":4},"end":{"line":30,"column":5}},"6":{"start":{"line":29,"column":8},"end":{"line":29,"column":19}},"7":{"start":{"line":32,"column":19},"end":{"line":32,"column":50}},"8":{"start":{"line":32,"column":44},"end":{"line":32,"column":49}},"9":{"start":{"line":33,"column":16},"end":{"line":33,"column":45}},"10":{"start":{"line":35,"column":4},"end":{"line":37,"column":22}},"11":{"start":{"line":46,"column":4},"end":{"line":46,"column":25}},"12":{"start":{"line":54,"column":18},"end":{"line":54,"column":25}}},"fnMap":{"0":{"name":"sum","decl":{"start":{"line":6,"column":16},"end":{"line":6,"column":19}},"loc":{"start":{"line":6,"column":26},"end":{"line":8,"column":1}},"line":6},"1":{"name":"(anonymous_1)","decl":{"start":{"line":7,"column":23},"end":{"line":7,"column":24}},"loc":{"start":{"line":7,"column":33},"end":{"line":7,"column":38}},"line":7},"2":{"name":"average","decl":{"start":{"line":15,"column":16},"end":{"line":15,"column":23}},"loc":{"start":{"line":15,"column":30},"end":{"line":20,"column":1}},"line":15},"3":{"name":"median","decl":{"start":{"line":27,"column":16},"end":{"line":27,"column":22}},"loc":{"start":{"line":27,"column":29},"end":{"line":38,"column":1}},"line":27},"4":{"name":"(anonymous_4)","decl":{"start":{"line":32,"column":34},"end":{"line":32,"column":35}},"loc":{"start":{"line":32,"column":44},"end":{"line":32,"column":49}},"line":32},"5":{"name":"isEven","decl":{"start":{"line":45,"column":16},"end":{"line":45,"column":22}},"loc":{"start":{"line":45,"column":28},"end":{"line":47,"column":1}},"line":45}},"branchMap":{"0":{"loc":{"start":{"line":16,"column":4},"end":{"line":18,"column":5}},"type":"if","locations":[{"start":{"line":16,"column":4},"end":{"line":18,"column":5}},{"start":{},"end":{}}],"line":16},"1":{"loc":{"start":{"line":28,"column":4},"end":{"line":30,"column":5}},"type":"if","locations":[{"start":{"line":28,"column":4},"end":{"line":30,"column":5}},{"start":{},"end":{}}],"line":28},"2":{"loc":{"start":{"line":35,"column":11},"end":{"line":37,"column":21}},"type":"cond-expr","locations":[{"start":{"line":36,"column":10},"end":{"line":36,"column":45}},{"start":{"line":37,"column":10},"end":{"line":37,"column":21}}],"line":35}},"s":{"0":5,"1":11,"2":3,"3":1,"4":2,"5":3,"6":1,"7":2,"8":5,"9":2,"10":2,"11":2,"12":1},"f":{"0":5,"1":11,"2":3,"3":3,"4":5,"5":2},"b":{"0":[1,2],"1":[1,2],"2":[1,1]},"_coverageSchema":"1a1c01bbd47fc00a2c39e90264f33305004495a9","hash":"ded728a5689953b231063851a3ca32227e6e13c4"}
}
